<?xml version="1.0" encoding="UTF-8"?>
<testsuite xmlns:xsi="http://www.w3.org/2001/XMLSchema-instance" xsi:noNamespaceSchemaLocation="https://maven.apache.org/surefire/maven-surefire-plugin/xsd/surefire-test-report.xsd" name="tst.guiijoo.AppTest" time="0.023" tests="1" errors="0" skipped="0" failures="0">
  <properties>
    <property name="java.specification.version" value="21"/>
    <property name="sun.cpu.isalist" value="amd64"/>
    <property name="sun.jnu.encoding" value="Cp1252"/>
    <property name="java.class.path" value="C:\Users\luis.josepette\Documents\DEV\JAVA\DIO\DIO-Java-SpringBoot\GERENCIAMENTO E BUILD\Testes\test-project\target\test-classes;C:\Users\luis.josepette\Documents\DEV\JAVA\DIO\DIO-Java-SpringBoot\GERENCIAMENTO E BUILD\Testes\test-project\target\classes;C:\Users\luis.josepette\.m2\repository\junit\junit\4.11\junit-4.11.jar;C:\Users\luis.josepette\.m2\repository\org\hamcrest\hamcrest-core\1.3\hamcrest-core-1.3.jar;"/>
    <property name="java.vm.vendor" value="Oracle Corporation"/>
    <property name="sun.arch.data.model" value="64"/>
    <property name="user.variant" value=""/>
    <property name="java.vendor.url" value="https://java.oracle.com/"/>
    <property name="user.timezone" value="America/Sao_Paulo"/>
    <property name="os.name" value="Windows 10"/>
    <property name="java.vm.specification.version" value="21"/>
    <property name="sun.java.launcher" value="SUN_STANDARD"/>
    <property name="user.country" value="BR"/>
    <property name="sun.boot.library.path" value="C:\Program Files\Java\jdk-21\bin"/>
    <property name="sun.java.command" value="C:\Users\LUIS~1.JOS\AppData\Local\Temp\surefire6814296652417494281\surefirebooter1127803828917860188.jar C:\Users\luis.josepette\AppData\Local\Temp\surefire6814296652417494281 2024-09-18T10-36-58_684-jvmRun1 surefire15334866943675076121tmp surefire_09395548503580181406tmp"/>
    <property name="jdk.debug" value="release"/>
    <property name="surefire.test.class.path" value="C:\Users\luis.josepette\Documents\DEV\JAVA\DIO\DIO-Java-SpringBoot\GERENCIAMENTO E BUILD\Testes\test-project\target\test-classes;C:\Users\luis.josepette\Documents\DEV\JAVA\DIO\DIO-Java-SpringBoot\GERENCIAMENTO E BUILD\Testes\test-project\target\classes;C:\Users\luis.josepette\.m2\repository\junit\junit\4.11\junit-4.11.jar;C:\Users\luis.josepette\.m2\repository\org\hamcrest\hamcrest-core\1.3\hamcrest-core-1.3.jar;"/>
    <property name="sun.cpu.endian" value="little"/>
    <property name="user.home" value="C:\Users\luis.josepette"/>
    <property name="user.language" value="pt"/>
    <property name="java.specification.vendor" value="Oracle Corporation"/>
    <property name="java.version.date" value="2024-07-16"/>
    <property name="java.home" value="C:\Program Files\Java\jdk-21"/>
    <property name="file.separator" value="\"/>
    <property name="basedir" value="C:\Users\luis.josepette\Documents\DEV\JAVA\DIO\DIO-Java-SpringBoot\GERENCIAMENTO E BUILD\Testes\test-project"/>
    <property name="java.vm.compressedOopsMode" value="32-bit"/>
    <property name="line.separator" value="&#10;"/>
    <property name="java.vm.specification.vendor" value="Oracle Corporation"/>
    <property name="java.specification.name" value="Java Platform API Specification"/>
    <property name="surefire.real.class.path" value="C:\Users\LUIS~1.JOS\AppData\Local\Temp\surefire6814296652417494281\surefirebooter1127803828917860188.jar"/>
    <property name="user.script" value=""/>
    <property name="sun.management.compiler" value="HotSpot 64-Bit Tiered Compilers"/>
    <property name="java.runtime.version" value="21.0.4+8-LTS-274"/>
    <property name="user.name" value="luis.josepette"/>
    <property name="stdout.encoding" value="Cp1252"/>
    <property name="path.separator" value=";"/>
    <property name="os.version" value="10.0"/>
    <property name="java.runtime.name" value="Java(TM) SE Runtime Environment"/>
    <property name="file.encoding" value="UTF-8"/>
    <property name="java.vm.name" value="Java HotSpot(TM) 64-Bit Server VM"/>
    <property name="localRepository" value="C:\Users\luis.josepette\.m2\repository"/>
    <property name="java.vendor.url.bug" value="https://bugreport.java.com/bugreport/"/>
    <property name="java.io.tmpdir" value="C:\Users\LUIS~1.JOS\AppData\Local\Temp\"/>
    <property name="java.version" value="21.0.4"/>
    <property name="user.dir" value="C:\Users\luis.josepette\Documents\DEV\JAVA\DIO\DIO-Java-SpringBoot\GERENCIAMENTO E BUILD\Testes\test-project"/>
    <property name="os.arch" value="amd64"/>
    <property name="java.vm.specification.name" value="Java Virtual Machine Specification"/>
    <property name="sun.os.patch.level" value=""/>
    <property name="native.encoding" value="Cp1252"/>
    <property name="java.library.path" value="C:\Program Files\Java\jdk-21\bin;C:\Windows\Sun\Java\bin;C:\Windows\system32;C:\Windows;C:\Users\luis.josepette\AppData\Local\cloud-code\installer\google-cloud-sdk\bin;C:\Program Files\Java\jre-8\bin;C:\Program Files\Common Files\Oracle\Java\javapath;C:\Program Files (x86)\Common Files\Oracle\Java\java8path;C:\Program Files (x86)\Common Files\Oracle\Java\javapath;C:\Windows\system32;C:\Windows;C:\Windows\System32\Wbem;C:\Windows\System32\WindowsPowerShell\v1.0\;C:\Windows\System32\OpenSSH\;C:\Workaspace\apache-maven-3.9.9\bin;C:\Program Files\Java\jre1.8.0_421\bin;C:\Users\luis.josepette\AppData\Local\Programs\Python\Python312\Scripts\;C:\Users\luis.josepette\AppData\Local\Programs\Python\Python312\;C:\Users\luis.josepette\AppData\Local\Microsoft\WindowsApps;C:\Users\luis.josepette\AppData\Local\Programs\Microsoft VS Code\bin;C:\Users\luis.josepette\AppData\Local\Programs\Git\cmd;C:\Users\luis.josepette\AppData\Local\Programs\mongosh\;."/>
    <property name="java.vm.info" value="mixed mode, sharing"/>
    <property name="stderr.encoding" value="Cp1252"/>
    <property name="java.vendor" value="Oracle Corporation"/>
    <property name="java.vm.version" value="21.0.4+8-LTS-274"/>
    <property name="sun.io.unicode.encoding" value="UnicodeLittle"/>
    <property name="java.class.version" value="65.0"/>
  </properties>
  <testcase name="shouldAnswerWithTrue" classname="tst.guiijoo.AppTest" time="0.002"/>
</testsuite>